[2025-07-02 13:35:15] local.ERROR: The /var/www/pavlova/bootstrap/cache directory must be present and writable. {"exception":"[object] (Exception(code: 0): The /var/www/pavlova/bootstrap/cache directory must be present and writable. at /var/www/pavlova/vendor/laravel/framework/src/Illuminate/Foundation/PackageManifest.php:178)
[stacktrace]
#0 /var/www/pavlova/vendor/laravel/framework/src/Illuminate/Foundation/PackageManifest.php(137): Illuminate\\Foundation\\PackageManifest->write()
#1 /var/www/pavlova/vendor/laravel/framework/src/Illuminate/Foundation/PackageManifest.php(107): Illuminate\\Foundation\\PackageManifest->build()
#2 /var/www/pavlova/vendor/laravel/framework/src/Illuminate/Foundation/PackageManifest.php(90): Illuminate\\Foundation\\PackageManifest->getManifest()
#3 /var/www/pavlova/vendor/laravel/framework/src/Illuminate/Foundation/PackageManifest.php(79): Illuminate\\Foundation\\PackageManifest->config()
#4 /var/www/pavlova/vendor/laravel/framework/src/Illuminate/Foundation/Bootstrap/RegisterFacades.php(26): Illuminate\\Foundation\\PackageManifest->aliases()
#5 /var/www/pavlova/vendor/laravel/framework/src/Illuminate/Foundation/Application.php(286): Illuminate\\Foundation\\Bootstrap\\RegisterFacades->bootstrap()
#6 /var/www/pavlova/vendor/laravel/framework/src/Illuminate/Foundation/Console/Kernel.php(447): Illuminate\\Foundation\\Application->bootstrapWith()
#7 /var/www/pavlova/vendor/laravel/framework/src/Illuminate/Foundation/Console/Kernel.php(199): Illuminate\\Foundation\\Console\\Kernel->bootstrap()
#8 /var/www/pavlova/artisan(37): Illuminate\\Foundation\\Console\\Kernel->handle()
#9 {main}
"} 
[2025-07-02 13:35:24] local.ERROR: Class "RingleSoft\LaravelProcessApproval\ProcessApprovalServiceProvider" not found {"exception":"[object] (Error(code: 0): Class \"RingleSoft\\LaravelProcessApproval\\ProcessApprovalServiceProvider\" not found at /var/www/pavlova/vendor/laravel/framework/src/Illuminate/Foundation/ProviderRepository.php:206)
[stacktrace]
#0 /var/www/pavlova/vendor/laravel/framework/src/Illuminate/Foundation/ProviderRepository.php(142): Illuminate\\Foundation\\ProviderRepository->createProvider()
#1 /var/www/pavlova/vendor/laravel/framework/src/Illuminate/Foundation/ProviderRepository.php(61): Illuminate\\Foundation\\ProviderRepository->compileManifest()
#2 /var/www/pavlova/vendor/laravel/framework/src/Illuminate/Foundation/Application.php(794): Illuminate\\Foundation\\ProviderRepository->load()
#3 /var/www/pavlova/vendor/laravel/framework/src/Illuminate/Foundation/Bootstrap/RegisterProviders.php(17): Illuminate\\Foundation\\Application->registerConfiguredProviders()
#4 /var/www/pavlova/vendor/laravel/framework/src/Illuminate/Foundation/Application.php(286): Illuminate\\Foundation\\Bootstrap\\RegisterProviders->bootstrap()
#5 /var/www/pavlova/vendor/laravel/framework/src/Illuminate/Foundation/Console/Kernel.php(447): Illuminate\\Foundation\\Application->bootstrapWith()
#6 /var/www/pavlova/vendor/laravel/framework/src/Illuminate/Foundation/Console/Kernel.php(199): Illuminate\\Foundation\\Console\\Kernel->bootstrap()
#7 /var/www/pavlova/artisan(37): Illuminate\\Foundation\\Console\\Kernel->handle()
#8 {main}
"} 
[2025-07-02 13:35:24] local.ERROR: Class "RingleSoft\LaravelProcessApproval\ProcessApprovalServiceProvider" not found {"exception":"[object] (Error(code: 0): Class \"RingleSoft\\LaravelProcessApproval\\ProcessApprovalServiceProvider\" not found at /var/www/pavlova/vendor/laravel/framework/src/Illuminate/Foundation/ProviderRepository.php:206)
[stacktrace]
#0 /var/www/pavlova/vendor/laravel/framework/src/Illuminate/Foundation/ProviderRepository.php(142): Illuminate\\Foundation\\ProviderRepository->createProvider()
#1 /var/www/pavlova/vendor/laravel/framework/src/Illuminate/Foundation/ProviderRepository.php(61): Illuminate\\Foundation\\ProviderRepository->compileManifest()
#2 /var/www/pavlova/vendor/laravel/framework/src/Illuminate/Foundation/Application.php(794): Illuminate\\Foundation\\ProviderRepository->load()
#3 /var/www/pavlova/vendor/laravel/framework/src/Illuminate/Foundation/Bootstrap/RegisterProviders.php(17): Illuminate\\Foundation\\Application->registerConfiguredProviders()
#4 /var/www/pavlova/vendor/laravel/framework/src/Illuminate/Foundation/Application.php(286): Illuminate\\Foundation\\Bootstrap\\RegisterProviders->bootstrap()
#5 /var/www/pavlova/vendor/laravel/framework/src/Illuminate/Foundation/Console/Kernel.php(447): Illuminate\\Foundation\\Application->bootstrapWith()
#6 /var/www/pavlova/vendor/laravel/framework/src/Illuminate/Foundation/Console/Kernel.php(199): Illuminate\\Foundation\\Console\\Kernel->bootstrap()
#7 /var/www/pavlova/artisan(37): Illuminate\\Foundation\\Console\\Kernel->handle()
#8 {main}
"} 
[2025-07-02 13:35:25] local.ERROR: Class "RingleSoft\LaravelProcessApproval\ProcessApprovalServiceProvider" not found {"exception":"[object] (Error(code: 0): Class \"RingleSoft\\LaravelProcessApproval\\ProcessApprovalServiceProvider\" not found at /var/www/pavlova/vendor/laravel/framework/src/Illuminate/Foundation/ProviderRepository.php:206)
[stacktrace]
#0 /var/www/pavlova/vendor/laravel/framework/src/Illuminate/Foundation/ProviderRepository.php(142): Illuminate\\Foundation\\ProviderRepository->createProvider()
#1 /var/www/pavlova/vendor/laravel/framework/src/Illuminate/Foundation/ProviderRepository.php(61): Illuminate\\Foundation\\ProviderRepository->compileManifest()
#2 /var/www/pavlova/vendor/laravel/framework/src/Illuminate/Foundation/Application.php(794): Illuminate\\Foundation\\ProviderRepository->load()
#3 /var/www/pavlova/vendor/laravel/framework/src/Illuminate/Foundation/Bootstrap/RegisterProviders.php(17): Illuminate\\Foundation\\Application->registerConfiguredProviders()
#4 /var/www/pavlova/vendor/laravel/framework/src/Illuminate/Foundation/Application.php(286): Illuminate\\Foundation\\Bootstrap\\RegisterProviders->bootstrap()
#5 /var/www/pavlova/vendor/laravel/framework/src/Illuminate/Foundation/Console/Kernel.php(447): Illuminate\\Foundation\\Application->bootstrapWith()
#6 /var/www/pavlova/vendor/laravel/framework/src/Illuminate/Foundation/Console/Kernel.php(199): Illuminate\\Foundation\\Console\\Kernel->bootstrap()
#7 /var/www/pavlova/artisan(37): Illuminate\\Foundation\\Console\\Kernel->handle()
#8 {main}
"} 
[2025-07-02 13:35:25] local.ERROR: Class "RingleSoft\LaravelProcessApproval\ProcessApprovalServiceProvider" not found {"exception":"[object] (Error(code: 0): Class \"RingleSoft\\LaravelProcessApproval\\ProcessApprovalServiceProvider\" not found at /var/www/pavlova/vendor/laravel/framework/src/Illuminate/Foundation/ProviderRepository.php:206)
[stacktrace]
#0 /var/www/pavlova/vendor/laravel/framework/src/Illuminate/Foundation/ProviderRepository.php(142): Illuminate\\Foundation\\ProviderRepository->createProvider()
#1 /var/www/pavlova/vendor/laravel/framework/src/Illuminate/Foundation/ProviderRepository.php(61): Illuminate\\Foundation\\ProviderRepository->compileManifest()
#2 /var/www/pavlova/vendor/laravel/framework/src/Illuminate/Foundation/Application.php(794): Illuminate\\Foundation\\ProviderRepository->load()
#3 /var/www/pavlova/vendor/laravel/framework/src/Illuminate/Foundation/Bootstrap/RegisterProviders.php(17): Illuminate\\Foundation\\Application->registerConfiguredProviders()
#4 /var/www/pavlova/vendor/laravel/framework/src/Illuminate/Foundation/Application.php(286): Illuminate\\Foundation\\Bootstrap\\RegisterProviders->bootstrap()
#5 /var/www/pavlova/vendor/laravel/framework/src/Illuminate/Foundation/Console/Kernel.php(447): Illuminate\\Foundation\\Application->bootstrapWith()
#6 /var/www/pavlova/vendor/laravel/framework/src/Illuminate/Foundation/Console/Kernel.php(199): Illuminate\\Foundation\\Console\\Kernel->bootstrap()
#7 /var/www/pavlova/artisan(37): Illuminate\\Foundation\\Console\\Kernel->handle()
#8 {main}
"} 
[2025-07-02 13:36:15] local.ERROR: Class "RingleSoft\LaravelProcessApproval\ProcessApprovalServiceProvider" not found {"exception":"[object] (Error(code: 0): Class \"RingleSoft\\LaravelProcessApproval\\ProcessApprovalServiceProvider\" not found at /var/www/pavlova/vendor/laravel/framework/src/Illuminate/Foundation/ProviderRepository.php:206)
[stacktrace]
#0 /var/www/pavlova/vendor/laravel/framework/src/Illuminate/Foundation/ProviderRepository.php(142): Illuminate\\Foundation\\ProviderRepository->createProvider()
#1 /var/www/pavlova/vendor/laravel/framework/src/Illuminate/Foundation/ProviderRepository.php(61): Illuminate\\Foundation\\ProviderRepository->compileManifest()
#2 /var/www/pavlova/vendor/laravel/framework/src/Illuminate/Foundation/Application.php(794): Illuminate\\Foundation\\ProviderRepository->load()
#3 /var/www/pavlova/vendor/laravel/framework/src/Illuminate/Foundation/Bootstrap/RegisterProviders.php(17): Illuminate\\Foundation\\Application->registerConfiguredProviders()
#4 /var/www/pavlova/vendor/laravel/framework/src/Illuminate/Foundation/Application.php(286): Illuminate\\Foundation\\Bootstrap\\RegisterProviders->bootstrap()
#5 /var/www/pavlova/vendor/laravel/framework/src/Illuminate/Foundation/Console/Kernel.php(447): Illuminate\\Foundation\\Application->bootstrapWith()
#6 /var/www/pavlova/vendor/laravel/framework/src/Illuminate/Foundation/Console/Kernel.php(199): Illuminate\\Foundation\\Console\\Kernel->bootstrap()
#7 /var/www/pavlova/artisan(37): Illuminate\\Foundation\\Console\\Kernel->handle()
#8 {main}
"} 
[2025-07-02 13:36:23] local.ERROR: Class "RingleSoft\LaravelProcessApproval\ProcessApprovalServiceProvider" not found {"exception":"[object] (Error(code: 0): Class \"RingleSoft\\LaravelProcessApproval\\ProcessApprovalServiceProvider\" not found at /var/www/pavlova/vendor/laravel/framework/src/Illuminate/Foundation/ProviderRepository.php:206)
[stacktrace]
#0 /var/www/pavlova/vendor/laravel/framework/src/Illuminate/Foundation/ProviderRepository.php(142): Illuminate\\Foundation\\ProviderRepository->createProvider()
#1 /var/www/pavlova/vendor/laravel/framework/src/Illuminate/Foundation/ProviderRepository.php(61): Illuminate\\Foundation\\ProviderRepository->compileManifest()
#2 /var/www/pavlova/vendor/laravel/framework/src/Illuminate/Foundation/Application.php(794): Illuminate\\Foundation\\ProviderRepository->load()
#3 /var/www/pavlova/vendor/laravel/framework/src/Illuminate/Foundation/Bootstrap/RegisterProviders.php(17): Illuminate\\Foundation\\Application->registerConfiguredProviders()
#4 /var/www/pavlova/vendor/laravel/framework/src/Illuminate/Foundation/Application.php(286): Illuminate\\Foundation\\Bootstrap\\RegisterProviders->bootstrap()
#5 /var/www/pavlova/vendor/laravel/framework/src/Illuminate/Foundation/Console/Kernel.php(447): Illuminate\\Foundation\\Application->bootstrapWith()
#6 /var/www/pavlova/vendor/laravel/framework/src/Illuminate/Foundation/Console/Kernel.php(199): Illuminate\\Foundation\\Console\\Kernel->bootstrap()
#7 /var/www/pavlova/artisan(37): Illuminate\\Foundation\\Console\\Kernel->handle()
#8 {main}
"} 
[2025-07-02 13:36:37] local.ERROR: Please provide a valid cache path. {"exception":"[object] (InvalidArgumentException(code: 0): Please provide a valid cache path. at /var/www/pavlova/vendor/laravel/framework/src/Illuminate/View/Compilers/Compiler.php:67)
[stacktrace]
#0 /var/www/pavlova/vendor/laravel/framework/src/Illuminate/View/ViewServiceProvider.php(102): Illuminate\\View\\Compilers\\Compiler->__construct()
#1 /var/www/pavlova/vendor/laravel/framework/src/Illuminate/Container/Container.php(908): Illuminate\\View\\ViewServiceProvider->Illuminate\\View\\{closure}()
#2 /var/www/pavlova/vendor/laravel/framework/src/Illuminate/Container/Container.php(795): Illuminate\\Container\\Container->build()
#3 /var/www/pavlova/vendor/laravel/framework/src/Illuminate/Foundation/Application.php(986): Illuminate\\Container\\Container->resolve()
#4 /var/www/pavlova/vendor/laravel/framework/src/Illuminate/Container/Container.php(731): Illuminate\\Foundation\\Application->resolve()
#5 /var/www/pavlova/vendor/laravel/framework/src/Illuminate/Foundation/Application.php(971): Illuminate\\Container\\Container->make()
#6 /var/www/pavlova/vendor/laravel/framework/src/Illuminate/Container/Container.php(1454): Illuminate\\Foundation\\Application->make()
#7 /var/www/pavlova/vendor/laravel/framework/src/Illuminate/Support/Facades/Facade.php(237): Illuminate\\Container\\Container->offsetGet()
#8 /var/www/pavlova/vendor/laravel/framework/src/Illuminate/Support/Facades/Facade.php(208): Illuminate\\Support\\Facades\\Facade::resolveFacadeInstance()
#9 /var/www/pavlova/vendor/laravel/framework/src/Illuminate/Support/Facades/Facade.php(349): Illuminate\\Support\\Facades\\Facade::getFacadeRoot()
#10 /var/www/pavlova/vendor/blade-ui-kit/blade-icons/src/BladeIconsServiceProvider.php(106): Illuminate\\Support\\Facades\\Facade::__callStatic()
#11 /var/www/pavlova/vendor/blade-ui-kit/blade-icons/src/BladeIconsServiceProvider.php(27): BladeUI\\Icons\\BladeIconsServiceProvider->bootDirectives()
#12 /var/www/pavlova/vendor/laravel/framework/src/Illuminate/Container/BoundMethod.php(36): BladeUI\\Icons\\BladeIconsServiceProvider->boot()
#13 /var/www/pavlova/vendor/laravel/framework/src/Illuminate/Container/Util.php(41): Illuminate\\Container\\BoundMethod::Illuminate\\Container\\{closure}()
#14 /var/www/pavlova/vendor/laravel/framework/src/Illuminate/Container/BoundMethod.php(93): Illuminate\\Container\\Util::unwrapIfClosure()
#15 /var/www/pavlova/vendor/laravel/framework/src/Illuminate/Container/BoundMethod.php(37): Illuminate\\Container\\BoundMethod::callBoundMethod()
#16 /var/www/pavlova/vendor/laravel/framework/src/Illuminate/Container/Container.php(662): Illuminate\\Container\\BoundMethod::call()
#17 /var/www/pavlova/vendor/laravel/framework/src/Illuminate/Foundation/Application.php(1059): Illuminate\\Container\\Container->call()
#18 /var/www/pavlova/vendor/laravel/framework/src/Illuminate/Foundation/Application.php(1040): Illuminate\\Foundation\\Application->bootProvider()
#19 [internal function]: Illuminate\\Foundation\\Application->Illuminate\\Foundation\\{closure}()
#20 /var/www/pavlova/vendor/laravel/framework/src/Illuminate/Foundation/Application.php(1041): array_walk()
#21 /var/www/pavlova/vendor/laravel/framework/src/Illuminate/Foundation/Bootstrap/BootProviders.php(17): Illuminate\\Foundation\\Application->boot()
#22 /var/www/pavlova/vendor/laravel/framework/src/Illuminate/Foundation/Application.php(286): Illuminate\\Foundation\\Bootstrap\\BootProviders->bootstrap()
#23 /var/www/pavlova/vendor/laravel/framework/src/Illuminate/Foundation/Console/Kernel.php(447): Illuminate\\Foundation\\Application->bootstrapWith()
#24 /var/www/pavlova/vendor/laravel/framework/src/Illuminate/Foundation/Console/Kernel.php(199): Illuminate\\Foundation\\Console\\Kernel->bootstrap()
#25 /var/www/pavlova/artisan(37): Illuminate\\Foundation\\Console\\Kernel->handle()
#26 {main}
"} 
[2025-07-02 13:37:03] local.ERROR: Call to a member function getResourceDirectories() on null {"exception":"[object] (Error(code: 0): Call to a member function getResourceDirectories() on null at /var/www/pavlova/vendor/filament/filament/src/Commands/MakePageCommand.php:73)
[stacktrace]
#0 /var/www/pavlova/vendor/laravel/framework/src/Illuminate/Container/BoundMethod.php(36): Filament\\Commands\\MakePageCommand->handle()
#1 /var/www/pavlova/vendor/laravel/framework/src/Illuminate/Container/Util.php(41): Illuminate\\Container\\BoundMethod::Illuminate\\Container\\{closure}()
#2 /var/www/pavlova/vendor/laravel/framework/src/Illuminate/Container/BoundMethod.php(93): Illuminate\\Container\\Util::unwrapIfClosure()
#3 /var/www/pavlova/vendor/laravel/framework/src/Illuminate/Container/BoundMethod.php(37): Illuminate\\Container\\BoundMethod::callBoundMethod()
#4 /var/www/pavlova/vendor/laravel/framework/src/Illuminate/Container/Container.php(662): Illuminate\\Container\\BoundMethod::call()
#5 /var/www/pavlova/vendor/laravel/framework/src/Illuminate/Console/Command.php(211): Illuminate\\Container\\Container->call()
#6 /var/www/pavlova/vendor/symfony/console/Command/Command.php(326): Illuminate\\Console\\Command->execute()
#7 /var/www/pavlova/vendor/laravel/framework/src/Illuminate/Console/Command.php(181): Symfony\\Component\\Console\\Command\\Command->run()
#8 /var/www/pavlova/vendor/symfony/console/Application.php(1096): Illuminate\\Console\\Command->run()
#9 /var/www/pavlova/vendor/symfony/console/Application.php(324): Symfony\\Component\\Console\\Application->doRunCommand()
#10 /var/www/pavlova/vendor/symfony/console/Application.php(175): Symfony\\Component\\Console\\Application->doRun()
#11 /var/www/pavlova/vendor/laravel/framework/src/Illuminate/Foundation/Console/Kernel.php(201): Symfony\\Component\\Console\\Application->run()
#12 /var/www/pavlova/artisan(37): Illuminate\\Foundation\\Console\\Kernel->handle()
#13 {main}
"} 
[2025-07-02 13:37:04] local.ERROR: Call to a member function getResourceDirectories() on null {"exception":"[object] (Error(code: 0): Call to a member function getResourceDirectories() on null at /var/www/pavlova/vendor/filament/filament/src/Commands/MakePageCommand.php:73)
[stacktrace]
#0 /var/www/pavlova/vendor/laravel/framework/src/Illuminate/Container/BoundMethod.php(36): Filament\\Commands\\MakePageCommand->handle()
#1 /var/www/pavlova/vendor/laravel/framework/src/Illuminate/Container/Util.php(41): Illuminate\\Container\\BoundMethod::Illuminate\\Container\\{closure}()
#2 /var/www/pavlova/vendor/laravel/framework/src/Illuminate/Container/BoundMethod.php(93): Illuminate\\Container\\Util::unwrapIfClosure()
#3 /var/www/pavlova/vendor/laravel/framework/src/Illuminate/Container/BoundMethod.php(37): Illuminate\\Container\\BoundMethod::callBoundMethod()
#4 /var/www/pavlova/vendor/laravel/framework/src/Illuminate/Container/Container.php(662): Illuminate\\Container\\BoundMethod::call()
#5 /var/www/pavlova/vendor/laravel/framework/src/Illuminate/Console/Command.php(211): Illuminate\\Container\\Container->call()
#6 /var/www/pavlova/vendor/symfony/console/Command/Command.php(326): Illuminate\\Console\\Command->execute()
#7 /var/www/pavlova/vendor/laravel/framework/src/Illuminate/Console/Command.php(181): Symfony\\Component\\Console\\Command\\Command->run()
#8 /var/www/pavlova/vendor/symfony/console/Application.php(1096): Illuminate\\Console\\Command->run()
#9 /var/www/pavlova/vendor/symfony/console/Application.php(324): Symfony\\Component\\Console\\Application->doRunCommand()
#10 /var/www/pavlova/vendor/symfony/console/Application.php(175): Symfony\\Component\\Console\\Application->doRun()
#11 /var/www/pavlova/vendor/laravel/framework/src/Illuminate/Foundation/Console/Kernel.php(201): Symfony\\Component\\Console\\Application->run()
#12 /var/www/pavlova/artisan(37): Illuminate\\Foundation\\Console\\Kernel->handle()
#13 {main}
"} 
[2025-07-02 13:37:04] local.ERROR: Call to a member function getResourceDirectories() on null {"exception":"[object] (Error(code: 0): Call to a member function getResourceDirectories() on null at /var/www/pavlova/vendor/filament/filament/src/Commands/MakePageCommand.php:73)
[stacktrace]
#0 /var/www/pavlova/vendor/laravel/framework/src/Illuminate/Container/BoundMethod.php(36): Filament\\Commands\\MakePageCommand->handle()
#1 /var/www/pavlova/vendor/laravel/framework/src/Illuminate/Container/Util.php(41): Illuminate\\Container\\BoundMethod::Illuminate\\Container\\{closure}()
#2 /var/www/pavlova/vendor/laravel/framework/src/Illuminate/Container/BoundMethod.php(93): Illuminate\\Container\\Util::unwrapIfClosure()
#3 /var/www/pavlova/vendor/laravel/framework/src/Illuminate/Container/BoundMethod.php(37): Illuminate\\Container\\BoundMethod::callBoundMethod()
#4 /var/www/pavlova/vendor/laravel/framework/src/Illuminate/Container/Container.php(662): Illuminate\\Container\\BoundMethod::call()
#5 /var/www/pavlova/vendor/laravel/framework/src/Illuminate/Console/Command.php(211): Illuminate\\Container\\Container->call()
#6 /var/www/pavlova/vendor/symfony/console/Command/Command.php(326): Illuminate\\Console\\Command->execute()
#7 /var/www/pavlova/vendor/laravel/framework/src/Illuminate/Console/Command.php(181): Symfony\\Component\\Console\\Command\\Command->run()
#8 /var/www/pavlova/vendor/symfony/console/Application.php(1096): Illuminate\\Console\\Command->run()
#9 /var/www/pavlova/vendor/symfony/console/Application.php(324): Symfony\\Component\\Console\\Application->doRunCommand()
#10 /var/www/pavlova/vendor/symfony/console/Application.php(175): Symfony\\Component\\Console\\Application->doRun()
#11 /var/www/pavlova/vendor/laravel/framework/src/Illuminate/Foundation/Console/Kernel.php(201): Symfony\\Component\\Console\\Application->run()
#12 /var/www/pavlova/artisan(37): Illuminate\\Foundation\\Console\\Kernel->handle()
#13 {main}
"} 
[2025-07-02 13:37:05] local.ERROR: Call to a member function getResourceDirectories() on null {"exception":"[object] (Error(code: 0): Call to a member function getResourceDirectories() on null at /var/www/pavlova/vendor/filament/filament/src/Commands/MakePageCommand.php:73)
[stacktrace]
#0 /var/www/pavlova/vendor/laravel/framework/src/Illuminate/Container/BoundMethod.php(36): Filament\\Commands\\MakePageCommand->handle()
#1 /var/www/pavlova/vendor/laravel/framework/src/Illuminate/Container/Util.php(41): Illuminate\\Container\\BoundMethod::Illuminate\\Container\\{closure}()
#2 /var/www/pavlova/vendor/laravel/framework/src/Illuminate/Container/BoundMethod.php(93): Illuminate\\Container\\Util::unwrapIfClosure()
#3 /var/www/pavlova/vendor/laravel/framework/src/Illuminate/Container/BoundMethod.php(37): Illuminate\\Container\\BoundMethod::callBoundMethod()
#4 /var/www/pavlova/vendor/laravel/framework/src/Illuminate/Container/Container.php(662): Illuminate\\Container\\BoundMethod::call()
#5 /var/www/pavlova/vendor/laravel/framework/src/Illuminate/Console/Command.php(211): Illuminate\\Container\\Container->call()
#6 /var/www/pavlova/vendor/symfony/console/Command/Command.php(326): Illuminate\\Console\\Command->execute()
#7 /var/www/pavlova/vendor/laravel/framework/src/Illuminate/Console/Command.php(181): Symfony\\Component\\Console\\Command\\Command->run()
#8 /var/www/pavlova/vendor/symfony/console/Application.php(1096): Illuminate\\Console\\Command->run()
#9 /var/www/pavlova/vendor/symfony/console/Application.php(324): Symfony\\Component\\Console\\Application->doRunCommand()
#10 /var/www/pavlova/vendor/symfony/console/Application.php(175): Symfony\\Component\\Console\\Application->doRun()
#11 /var/www/pavlova/vendor/laravel/framework/src/Illuminate/Foundation/Console/Kernel.php(201): Symfony\\Component\\Console\\Application->run()
#12 /var/www/pavlova/artisan(37): Illuminate\\Foundation\\Console\\Kernel->handle()
#13 {main}
"} 
[2025-07-02 13:37:17] local.ERROR: Class "App\Filament\Resources\CommandeResource\Pages\ListCommandes" not found {"exception":"[object] (Error(code: 0): Class \"App\\Filament\\Resources\\CommandeResource\\Pages\\ListCommandes\" not found at /var/www/pavlova/app/Filament/Resources/CommandeResource.php:128)
[stacktrace]
#0 /var/www/pavlova/vendor/filament/filament/src/Panel/Concerns/HasComponents.php(525): App\\Filament\\Resources\\CommandeResource::getPages()
#1 /var/www/pavlova/vendor/filament/filament/src/Panel.php(69): Filament\\Panel->registerLivewireComponents()
#2 /var/www/pavlova/vendor/filament/filament/src/PanelRegistry.php(19): Filament\\Panel->register()
#3 /var/www/pavlova/vendor/filament/filament/src/Facades/Filament.php(140): Filament\\PanelRegistry->register()
#4 /var/www/pavlova/vendor/laravel/framework/src/Illuminate/Container/Container.php(1302): Filament\\Facades\\Filament::Filament\\Facades\\{closure}()
#5 /var/www/pavlova/vendor/laravel/framework/src/Illuminate/Container/Container.php(1249): Illuminate\\Container\\Container->fireCallbackArray()
#6 /var/www/pavlova/vendor/laravel/framework/src/Illuminate/Container/Container.php(813): Illuminate\\Container\\Container->fireResolvingCallbacks()
#7 /var/www/pavlova/vendor/laravel/framework/src/Illuminate/Foundation/Application.php(986): Illuminate\\Container\\Container->resolve()
#8 /var/www/pavlova/vendor/laravel/framework/src/Illuminate/Container/Container.php(731): Illuminate\\Foundation\\Application->resolve()
#9 /var/www/pavlova/vendor/laravel/framework/src/Illuminate/Foundation/Application.php(971): Illuminate\\Container\\Container->make()
#10 /var/www/pavlova/vendor/laravel/framework/src/Illuminate/Foundation/helpers.php(120): Illuminate\\Foundation\\Application->make()
#11 /var/www/pavlova/vendor/filament/filament/src/FilamentManager.php(51): app()
#12 /var/www/pavlova/vendor/filament/filament/src/FilamentServiceProvider.php(48): Filament\\FilamentManager->__construct()
#13 /var/www/pavlova/vendor/laravel/framework/src/Illuminate/Container/Container.php(908): Filament\\FilamentServiceProvider->Filament\\{closure}()
#14 /var/www/pavlova/vendor/laravel/framework/src/Illuminate/Container/Container.php(795): Illuminate\\Container\\Container->build()
#15 /var/www/pavlova/vendor/laravel/framework/src/Illuminate/Foundation/Application.php(986): Illuminate\\Container\\Container->resolve()
#16 /var/www/pavlova/vendor/laravel/framework/src/Illuminate/Container/Container.php(731): Illuminate\\Foundation\\Application->resolve()
#17 /var/www/pavlova/vendor/laravel/framework/src/Illuminate/Foundation/Application.php(971): Illuminate\\Container\\Container->make()
#18 /var/www/pavlova/vendor/laravel/framework/src/Illuminate/Container/Container.php(1454): Illuminate\\Foundation\\Application->make()
#19 /var/www/pavlova/vendor/laravel/framework/src/Illuminate/Support/Facades/Facade.php(237): Illuminate\\Container\\Container->offsetGet()
#20 /var/www/pavlova/vendor/laravel/framework/src/Illuminate/Support/Facades/Facade.php(208): Illuminate\\Support\\Facades\\Facade::resolveFacadeInstance()
#21 /var/www/pavlova/vendor/laravel/framework/src/Illuminate/Support/Facades/Facade.php(349): Illuminate\\Support\\Facades\\Facade::getFacadeRoot()
#22 /var/www/pavlova/vendor/filament/filament/routes/web.php(13): Illuminate\\Support\\Facades\\Facade::__callStatic()
#23 /var/www/pavlova/vendor/laravel/framework/src/Illuminate/Routing/Router.php(509): Illuminate\\Support\\ServiceProvider->{closure}()
#24 /var/www/pavlova/vendor/laravel/framework/src/Illuminate/Routing/Router.php(465): Illuminate\\Routing\\Router->loadRoutes()
#25 /var/www/pavlova/vendor/laravel/framework/src/Illuminate/Routing/RouteRegistrar.php(194): Illuminate\\Routing\\Router->group()
#26 /var/www/pavlova/vendor/filament/filament/routes/web.php(172): Illuminate\\Routing\\RouteRegistrar->group()
#27 /var/www/pavlova/vendor/laravel/framework/src/Illuminate/Support/ServiceProvider.php(152): require('...')
#28 /var/www/pavlova/vendor/spatie/laravel-package-tools/src/Concerns/PackageServiceProvider/ProcessRoutes.php(14): Illuminate\\Support\\ServiceProvider->loadRoutesFrom()
#29 /var/www/pavlova/vendor/spatie/laravel-package-tools/src/PackageServiceProvider.php(85): Spatie\\LaravelPackageTools\\PackageServiceProvider->bootPackageRoutes()
#30 /var/www/pavlova/vendor/laravel/framework/src/Illuminate/Container/BoundMethod.php(36): Spatie\\LaravelPackageTools\\PackageServiceProvider->boot()
#31 /var/www/pavlova/vendor/laravel/framework/src/Illuminate/Container/Util.php(41): Illuminate\\Container\\BoundMethod::Illuminate\\Container\\{closure}()
#32 /var/www/pavlova/vendor/laravel/framework/src/Illuminate/Container/BoundMethod.php(93): Illuminate\\Container\\Util::unwrapIfClosure()
#33 /var/www/pavlova/vendor/laravel/framework/src/Illuminate/Container/BoundMethod.php(37): Illuminate\\Container\\BoundMethod::callBoundMethod()
#34 /var/www/pavlova/vendor/laravel/framework/src/Illuminate/Container/Container.php(662): Illuminate\\Container\\BoundMethod::call()
#35 /var/www/pavlova/vendor/laravel/framework/src/Illuminate/Foundation/Application.php(1059): Illuminate\\Container\\Container->call()
#36 /var/www/pavlova/vendor/laravel/framework/src/Illuminate/Foundation/Application.php(1040): Illuminate\\Foundation\\Application->bootProvider()
#37 [internal function]: Illuminate\\Foundation\\Application->Illuminate\\Foundation\\{closure}()
#38 /var/www/pavlova/vendor/laravel/framework/src/Illuminate/Foundation/Application.php(1041): array_walk()
#39 /var/www/pavlova/vendor/laravel/framework/src/Illuminate/Foundation/Bootstrap/BootProviders.php(17): Illuminate\\Foundation\\Application->boot()
#40 /var/www/pavlova/vendor/laravel/framework/src/Illuminate/Foundation/Application.php(286): Illuminate\\Foundation\\Bootstrap\\BootProviders->bootstrap()
#41 /var/www/pavlova/vendor/laravel/framework/src/Illuminate/Foundation/Console/Kernel.php(447): Illuminate\\Foundation\\Application->bootstrapWith()
#42 /var/www/pavlova/vendor/laravel/framework/src/Illuminate/Foundation/Console/Kernel.php(199): Illuminate\\Foundation\\Console\\Kernel->bootstrap()
#43 /var/www/pavlova/artisan(37): Illuminate\\Foundation\\Console\\Kernel->handle()
#44 {main}
"} 
[2025-07-02 13:37:30] local.ERROR: Class "App\Filament\Resources\DemandeDevisResource\Pages\ViewDemandeDevis" not found {"exception":"[object] (Error(code: 0): Class \"App\\Filament\\Resources\\DemandeDevisResource\\Pages\\ViewDemandeDevis\" not found at /var/www/pavlova/app/Filament/Resources/DemandeDevisResource.php:345)
[stacktrace]
#0 /var/www/pavlova/vendor/filament/filament/src/Panel/Concerns/HasComponents.php(525): App\\Filament\\Resources\\DemandeDevisResource::getPages()
#1 /var/www/pavlova/vendor/filament/filament/src/Panel.php(69): Filament\\Panel->registerLivewireComponents()
#2 /var/www/pavlova/vendor/filament/filament/src/PanelRegistry.php(19): Filament\\Panel->register()
#3 /var/www/pavlova/vendor/filament/filament/src/Facades/Filament.php(140): Filament\\PanelRegistry->register()
#4 /var/www/pavlova/vendor/laravel/framework/src/Illuminate/Container/Container.php(1302): Filament\\Facades\\Filament::Filament\\Facades\\{closure}()
#5 /var/www/pavlova/vendor/laravel/framework/src/Illuminate/Container/Container.php(1249): Illuminate\\Container\\Container->fireCallbackArray()
#6 /var/www/pavlova/vendor/laravel/framework/src/Illuminate/Container/Container.php(813): Illuminate\\Container\\Container->fireResolvingCallbacks()
#7 /var/www/pavlova/vendor/laravel/framework/src/Illuminate/Foundation/Application.php(986): Illuminate\\Container\\Container->resolve()
#8 /var/www/pavlova/vendor/laravel/framework/src/Illuminate/Container/Container.php(731): Illuminate\\Foundation\\Application->resolve()
#9 /var/www/pavlova/vendor/laravel/framework/src/Illuminate/Foundation/Application.php(971): Illuminate\\Container\\Container->make()
#10 /var/www/pavlova/vendor/laravel/framework/src/Illuminate/Foundation/helpers.php(120): Illuminate\\Foundation\\Application->make()
#11 /var/www/pavlova/vendor/filament/filament/src/FilamentManager.php(51): app()
#12 /var/www/pavlova/vendor/filament/filament/src/FilamentServiceProvider.php(48): Filament\\FilamentManager->__construct()
#13 /var/www/pavlova/vendor/laravel/framework/src/Illuminate/Container/Container.php(908): Filament\\FilamentServiceProvider->Filament\\{closure}()
#14 /var/www/pavlova/vendor/laravel/framework/src/Illuminate/Container/Container.php(795): Illuminate\\Container\\Container->build()
#15 /var/www/pavlova/vendor/laravel/framework/src/Illuminate/Foundation/Application.php(986): Illuminate\\Container\\Container->resolve()
#16 /var/www/pavlova/vendor/laravel/framework/src/Illuminate/Container/Container.php(731): Illuminate\\Foundation\\Application->resolve()
#17 /var/www/pavlova/vendor/laravel/framework/src/Illuminate/Foundation/Application.php(971): Illuminate\\Container\\Container->make()
#18 /var/www/pavlova/vendor/laravel/framework/src/Illuminate/Container/Container.php(1454): Illuminate\\Foundation\\Application->make()
#19 /var/www/pavlova/vendor/laravel/framework/src/Illuminate/Support/Facades/Facade.php(237): Illuminate\\Container\\Container->offsetGet()
#20 /var/www/pavlova/vendor/laravel/framework/src/Illuminate/Support/Facades/Facade.php(208): Illuminate\\Support\\Facades\\Facade::resolveFacadeInstance()
#21 /var/www/pavlova/vendor/laravel/framework/src/Illuminate/Support/Facades/Facade.php(349): Illuminate\\Support\\Facades\\Facade::getFacadeRoot()
#22 /var/www/pavlova/vendor/filament/filament/routes/web.php(13): Illuminate\\Support\\Facades\\Facade::__callStatic()
#23 /var/www/pavlova/vendor/laravel/framework/src/Illuminate/Routing/Router.php(509): Illuminate\\Support\\ServiceProvider->{closure}()
#24 /var/www/pavlova/vendor/laravel/framework/src/Illuminate/Routing/Router.php(465): Illuminate\\Routing\\Router->loadRoutes()
#25 /var/www/pavlova/vendor/laravel/framework/src/Illuminate/Routing/RouteRegistrar.php(194): Illuminate\\Routing\\Router->group()
#26 /var/www/pavlova/vendor/filament/filament/routes/web.php(172): Illuminate\\Routing\\RouteRegistrar->group()
#27 /var/www/pavlova/vendor/laravel/framework/src/Illuminate/Support/ServiceProvider.php(152): require('...')
#28 /var/www/pavlova/vendor/spatie/laravel-package-tools/src/Concerns/PackageServiceProvider/ProcessRoutes.php(14): Illuminate\\Support\\ServiceProvider->loadRoutesFrom()
#29 /var/www/pavlova/vendor/spatie/laravel-package-tools/src/PackageServiceProvider.php(85): Spatie\\LaravelPackageTools\\PackageServiceProvider->bootPackageRoutes()
#30 /var/www/pavlova/vendor/laravel/framework/src/Illuminate/Container/BoundMethod.php(36): Spatie\\LaravelPackageTools\\PackageServiceProvider->boot()
#31 /var/www/pavlova/vendor/laravel/framework/src/Illuminate/Container/Util.php(41): Illuminate\\Container\\BoundMethod::Illuminate\\Container\\{closure}()
#32 /var/www/pavlova/vendor/laravel/framework/src/Illuminate/Container/BoundMethod.php(93): Illuminate\\Container\\Util::unwrapIfClosure()
#33 /var/www/pavlova/vendor/laravel/framework/src/Illuminate/Container/BoundMethod.php(37): Illuminate\\Container\\BoundMethod::callBoundMethod()
#34 /var/www/pavlova/vendor/laravel/framework/src/Illuminate/Container/Container.php(662): Illuminate\\Container\\BoundMethod::call()
#35 /var/www/pavlova/vendor/laravel/framework/src/Illuminate/Foundation/Application.php(1059): Illuminate\\Container\\Container->call()
#36 /var/www/pavlova/vendor/laravel/framework/src/Illuminate/Foundation/Application.php(1040): Illuminate\\Foundation\\Application->bootProvider()
#37 [internal function]: Illuminate\\Foundation\\Application->Illuminate\\Foundation\\{closure}()
#38 /var/www/pavlova/vendor/laravel/framework/src/Illuminate/Foundation/Application.php(1041): array_walk()
#39 /var/www/pavlova/vendor/laravel/framework/src/Illuminate/Foundation/Bootstrap/BootProviders.php(17): Illuminate\\Foundation\\Application->boot()
#40 /var/www/pavlova/vendor/laravel/framework/src/Illuminate/Foundation/Application.php(286): Illuminate\\Foundation\\Bootstrap\\BootProviders->bootstrap()
#41 /var/www/pavlova/vendor/laravel/framework/src/Illuminate/Foundation/Console/Kernel.php(447): Illuminate\\Foundation\\Application->bootstrapWith()
#42 /var/www/pavlova/vendor/laravel/framework/src/Illuminate/Foundation/Console/Kernel.php(199): Illuminate\\Foundation\\Console\\Kernel->bootstrap()
#43 /var/www/pavlova/artisan(37): Illuminate\\Foundation\\Console\\Kernel->handle()
#44 {main}
"} 
[2025-07-02 13:38:05] local.ERROR: Unable to find component: [App\Filament\Resources\DemandeDevisResource\RelationManagers\CommandeRelationManager] {"exception":"[object] (Livewire\\Exceptions\\ComponentNotFoundException(code: 0): Unable to find component: [App\\Filament\\Resources\\DemandeDevisResource\\RelationManagers\\CommandeRelationManager] at /var/www/pavlova/vendor/livewire/livewire/src/Mechanisms/ComponentRegistry.php:116)
[stacktrace]
#0 /var/www/pavlova/vendor/livewire/livewire/src/Mechanisms/ComponentRegistry.php(67): Livewire\\Mechanisms\\ComponentRegistry->getNameAndClass()
#1 /var/www/pavlova/vendor/filament/filament/src/Panel/Concerns/HasComponents.php(586): Livewire\\Mechanisms\\ComponentRegistry->getName()
#2 /var/www/pavlova/vendor/filament/filament/src/Panel/Concerns/HasComponents.php(538): Filament\\Panel->queueLivewireComponentForRegistration()
#3 /var/www/pavlova/vendor/filament/filament/src/Panel.php(69): Filament\\Panel->registerLivewireComponents()
#4 /var/www/pavlova/vendor/filament/filament/src/PanelRegistry.php(19): Filament\\Panel->register()
#5 /var/www/pavlova/vendor/filament/filament/src/Facades/Filament.php(140): Filament\\PanelRegistry->register()
#6 /var/www/pavlova/vendor/laravel/framework/src/Illuminate/Container/Container.php(1302): Filament\\Facades\\Filament::Filament\\Facades\\{closure}()
#7 /var/www/pavlova/vendor/laravel/framework/src/Illuminate/Container/Container.php(1249): Illuminate\\Container\\Container->fireCallbackArray()
#8 /var/www/pavlova/vendor/laravel/framework/src/Illuminate/Container/Container.php(813): Illuminate\\Container\\Container->fireResolvingCallbacks()
#9 /var/www/pavlova/vendor/laravel/framework/src/Illuminate/Foundation/Application.php(986): Illuminate\\Container\\Container->resolve()
#10 /var/www/pavlova/vendor/laravel/framework/src/Illuminate/Container/Container.php(731): Illuminate\\Foundation\\Application->resolve()
#11 /var/www/pavlova/vendor/laravel/framework/src/Illuminate/Foundation/Application.php(971): Illuminate\\Container\\Container->make()
#12 /var/www/pavlova/vendor/laravel/framework/src/Illuminate/Foundation/helpers.php(120): Illuminate\\Foundation\\Application->make()
#13 /var/www/pavlova/vendor/filament/filament/src/FilamentManager.php(51): app()
#14 /var/www/pavlova/vendor/filament/filament/src/FilamentServiceProvider.php(48): Filament\\FilamentManager->__construct()
#15 /var/www/pavlova/vendor/laravel/framework/src/Illuminate/Container/Container.php(908): Filament\\FilamentServiceProvider->Filament\\{closure}()
#16 /var/www/pavlova/vendor/laravel/framework/src/Illuminate/Container/Container.php(795): Illuminate\\Container\\Container->build()
#17 /var/www/pavlova/vendor/laravel/framework/src/Illuminate/Foundation/Application.php(986): Illuminate\\Container\\Container->resolve()
#18 /var/www/pavlova/vendor/laravel/framework/src/Illuminate/Container/Container.php(731): Illuminate\\Foundation\\Application->resolve()
#19 /var/www/pavlova/vendor/laravel/framework/src/Illuminate/Foundation/Application.php(971): Illuminate\\Container\\Container->make()
#20 /var/www/pavlova/vendor/laravel/framework/src/Illuminate/Container/Container.php(1454): Illuminate\\Foundation\\Application->make()
#21 /var/www/pavlova/vendor/laravel/framework/src/Illuminate/Support/Facades/Facade.php(237): Illuminate\\Container\\Container->offsetGet()
#22 /var/www/pavlova/vendor/laravel/framework/src/Illuminate/Support/Facades/Facade.php(208): Illuminate\\Support\\Facades\\Facade::resolveFacadeInstance()
#23 /var/www/pavlova/vendor/laravel/framework/src/Illuminate/Support/Facades/Facade.php(349): Illuminate\\Support\\Facades\\Facade::getFacadeRoot()
#24 /var/www/pavlova/vendor/filament/filament/routes/web.php(13): Illuminate\\Support\\Facades\\Facade::__callStatic()
#25 /var/www/pavlova/vendor/laravel/framework/src/Illuminate/Routing/Router.php(509): Illuminate\\Support\\ServiceProvider->{closure}()
#26 /var/www/pavlova/vendor/laravel/framework/src/Illuminate/Routing/Router.php(465): Illuminate\\Routing\\Router->loadRoutes()
#27 /var/www/pavlova/vendor/laravel/framework/src/Illuminate/Routing/RouteRegistrar.php(194): Illuminate\\Routing\\Router->group()
#28 /var/www/pavlova/vendor/filament/filament/routes/web.php(172): Illuminate\\Routing\\RouteRegistrar->group()
#29 /var/www/pavlova/vendor/laravel/framework/src/Illuminate/Support/ServiceProvider.php(152): require('...')
#30 /var/www/pavlova/vendor/spatie/laravel-package-tools/src/Concerns/PackageServiceProvider/ProcessRoutes.php(14): Illuminate\\Support\\ServiceProvider->loadRoutesFrom()
#31 /var/www/pavlova/vendor/spatie/laravel-package-tools/src/PackageServiceProvider.php(85): Spatie\\LaravelPackageTools\\PackageServiceProvider->bootPackageRoutes()
#32 /var/www/pavlova/vendor/laravel/framework/src/Illuminate/Container/BoundMethod.php(36): Spatie\\LaravelPackageTools\\PackageServiceProvider->boot()
#33 /var/www/pavlova/vendor/laravel/framework/src/Illuminate/Container/Util.php(41): Illuminate\\Container\\BoundMethod::Illuminate\\Container\\{closure}()
#34 /var/www/pavlova/vendor/laravel/framework/src/Illuminate/Container/BoundMethod.php(93): Illuminate\\Container\\Util::unwrapIfClosure()
#35 /var/www/pavlova/vendor/laravel/framework/src/Illuminate/Container/BoundMethod.php(37): Illuminate\\Container\\BoundMethod::callBoundMethod()
#36 /var/www/pavlova/vendor/laravel/framework/src/Illuminate/Container/Container.php(662): Illuminate\\Container\\BoundMethod::call()
#37 /var/www/pavlova/vendor/laravel/framework/src/Illuminate/Foundation/Application.php(1059): Illuminate\\Container\\Container->call()
#38 /var/www/pavlova/vendor/laravel/framework/src/Illuminate/Foundation/Application.php(1040): Illuminate\\Foundation\\Application->bootProvider()
#39 [internal function]: Illuminate\\Foundation\\Application->Illuminate\\Foundation\\{closure}()
#40 /var/www/pavlova/vendor/laravel/framework/src/Illuminate/Foundation/Application.php(1041): array_walk()
#41 /var/www/pavlova/vendor/laravel/framework/src/Illuminate/Foundation/Bootstrap/BootProviders.php(17): Illuminate\\Foundation\\Application->boot()
#42 /var/www/pavlova/vendor/laravel/framework/src/Illuminate/Foundation/Application.php(286): Illuminate\\Foundation\\Bootstrap\\BootProviders->bootstrap()
#43 /var/www/pavlova/vendor/laravel/framework/src/Illuminate/Foundation/Console/Kernel.php(447): Illuminate\\Foundation\\Application->bootstrapWith()
#44 /var/www/pavlova/vendor/laravel/framework/src/Illuminate/Foundation/Console/Kernel.php(199): Illuminate\\Foundation\\Console\\Kernel->bootstrap()
#45 /var/www/pavlova/artisan(37): Illuminate\\Foundation\\Console\\Kernel->handle()
#46 {main}
"} 
[2025-07-02 13:42:56] local.ERROR: Connection refused {"exception":"[object] (RedisException(code: 0): Connection refused at /var/www/pavlova/vendor/laravel/framework/src/Illuminate/Redis/Connectors/PhpRedisConnector.php:159)
[stacktrace]
#0 /var/www/pavlova/vendor/laravel/framework/src/Illuminate/Redis/Connectors/PhpRedisConnector.php(159): Redis->connect()
#1 /var/www/pavlova/vendor/laravel/framework/src/Illuminate/Redis/Connectors/PhpRedisConnector.php(88): Illuminate\\Redis\\Connectors\\PhpRedisConnector->establishConnection()
#2 /var/www/pavlova/vendor/laravel/framework/src/Illuminate/Support/helpers.php(320): Illuminate\\Redis\\Connectors\\PhpRedisConnector->Illuminate\\Redis\\Connectors\\{closure}()
#3 /var/www/pavlova/vendor/laravel/framework/src/Illuminate/Redis/Connectors/PhpRedisConnector.php(129): tap()
#4 /var/www/pavlova/vendor/laravel/framework/src/Illuminate/Redis/Connectors/PhpRedisConnector.php(34): Illuminate\\Redis\\Connectors\\PhpRedisConnector->createClient()
#5 /var/www/pavlova/vendor/laravel/framework/src/Illuminate/Redis/Connectors/PhpRedisConnector.php(38): Illuminate\\Redis\\Connectors\\PhpRedisConnector->Illuminate\\Redis\\Connectors\\{closure}()
#6 /var/www/pavlova/vendor/laravel/framework/src/Illuminate/Redis/RedisManager.php(112): Illuminate\\Redis\\Connectors\\PhpRedisConnector->connect()
#7 /var/www/pavlova/vendor/laravel/framework/src/Illuminate/Redis/RedisManager.php(91): Illuminate\\Redis\\RedisManager->resolve()
#8 /var/www/pavlova/vendor/laravel/framework/src/Illuminate/Cache/RedisStore.php(330): Illuminate\\Redis\\RedisManager->connection()
#9 /var/www/pavlova/vendor/laravel/framework/src/Illuminate/Cache/RedisStore.php(248): Illuminate\\Cache\\RedisStore->connection()
#10 /var/www/pavlova/vendor/laravel/framework/src/Illuminate/Cache/Repository.php(692): Illuminate\\Cache\\RedisStore->flush()
#11 /var/www/pavlova/vendor/laravel/framework/src/Illuminate/Cache/Console/ClearCommand.php(69): Illuminate\\Cache\\Repository->__call()
#12 /var/www/pavlova/vendor/laravel/framework/src/Illuminate/Container/BoundMethod.php(36): Illuminate\\Cache\\Console\\ClearCommand->handle()
#13 /var/www/pavlova/vendor/laravel/framework/src/Illuminate/Container/Util.php(41): Illuminate\\Container\\BoundMethod::Illuminate\\Container\\{closure}()
#14 /var/www/pavlova/vendor/laravel/framework/src/Illuminate/Container/BoundMethod.php(93): Illuminate\\Container\\Util::unwrapIfClosure()
#15 /var/www/pavlova/vendor/laravel/framework/src/Illuminate/Container/BoundMethod.php(37): Illuminate\\Container\\BoundMethod::callBoundMethod()
#16 /var/www/pavlova/vendor/laravel/framework/src/Illuminate/Container/Container.php(662): Illuminate\\Container\\BoundMethod::call()
#17 /var/www/pavlova/vendor/laravel/framework/src/Illuminate/Console/Command.php(211): Illuminate\\Container\\Container->call()
#18 /var/www/pavlova/vendor/symfony/console/Command/Command.php(326): Illuminate\\Console\\Command->execute()
#19 /var/www/pavlova/vendor/laravel/framework/src/Illuminate/Console/Command.php(181): Symfony\\Component\\Console\\Command\\Command->run()
#20 /var/www/pavlova/vendor/symfony/console/Application.php(1096): Illuminate\\Console\\Command->run()
#21 /var/www/pavlova/vendor/symfony/console/Application.php(324): Symfony\\Component\\Console\\Application->doRunCommand()
#22 /var/www/pavlova/vendor/symfony/console/Application.php(175): Symfony\\Component\\Console\\Application->doRun()
#23 /var/www/pavlova/vendor/laravel/framework/src/Illuminate/Foundation/Console/Kernel.php(201): Symfony\\Component\\Console\\Application->run()
#24 /var/www/pavlova/artisan(37): Illuminate\\Foundation\\Console\\Kernel->handle()
#25 {main}
"} 
